[debug] [2026-07-03T19:14:27.527Z] : 
[debug] [2026-07-03T19:14:27.527Z] : ----------------------------------------------------------------------
[debug] [2026-07-03T19:14:27.528Z] : Command:      C:\Program Files\nodejs\node.exe C:\Users\Acer\AppData\Roaming\npm\node_modules\zcatalyst-cli\lib\bin\catalyst.js serve
[debug] [2026-07-03T19:14:27.528Z] : CLI Version:  1.26.1
[debug] [2026-07-03T19:14:27.528Z] : Platform:     win32
[debug] [2026-07-03T19:14:27.528Z] : Node Version: v22.20.0
[debug] [2026-07-03T19:14:27.528Z] : Time:         Sat Jul 04 2026 00:44:27 GMT+0530 (India Standard Time)
[debug] [2026-07-03T19:14:27.528Z] : ----------------------------------------------------------------------
[debug] [2026-07-03T19:14:27.528Z] : 
[debug] [2026-07-03T19:14:28.017Z] : > authorizing via signed-in user option
[debug] [2026-07-03T19:14:28.017Z] : > command requires scopes: ["ZohoCatalyst.projects.ALL","ZohoCatalyst.apigateway.apis.READ","ZohoCatalyst.apigateway.READ","ZohoCatalyst.segments.ALL","ZohoCatalyst.cache.READ","ZohoCatalyst.cache.CREATE","ZohoCatalyst.cache.DELETE","ZohoCatalyst.projects.ALL","ZohoCatalyst.cron.ALL","ZohoCatalyst.zcql.CREATE","ZohoCatalyst.projects.users.READ","ZohoCatalyst.projects.users.CREATE","ZohoCatalyst.projects.users.DELETE","ZohoCatalyst.projects.users.UPDATE","ZohoCatalyst.authentication.CREATE","ZohoCatalyst.email.CREATE","ZohoCatalyst.tables.ALL","ZohoCatalyst.tables.rows.ALL","ZohoCatalyst.tables.columns.ALL","ZohoCatalyst.tables.bulk.CREATE","ZohoCatalyst.tables.bulk.READ","ZohoCatalyst.folders.ALL","ZohoCatalyst.files.CREATE","ZohoCatalyst.files.READ","ZohoCatalyst.files.DELETE","ZohoCatalyst.functions.ALL","ZohoCatalyst.functions.EXECUTE","ZohoCatalyst.eventlistners.ALL","ZohoCatalyst.eventlisteners.produce","ZohoCatalyst.security.rules.Read","ZohoCatalyst.security.rules.Update","ZohoCatalyst.notifications.mobile","ZohoCatalyst.notifications.web","ZohoCatalyst.search.READ","ZohoCatalyst.mlkit.READ","QuickML.deployment.READ","ZohoCatalyst.pdfshot.execute","ZohoCatalyst.grid.READ","ZohoCatalyst.grid.terminate","ZohoCatalyst.circuits.execution.DELETE","ZohoCatalyst.circuits.execution.READ","ZohoCatalyst.circuits.execute","ZohoCatalyst.appsail.Read","ZohoCatalyst.jobpool.READ","ZohoCatalyst.job.ALL","ZohoCatalyst.nosql.READ","ZohoCatalyst.nosql.rows.ALL"]
[debug] [2026-07-03T19:14:28.028Z] : >>>> HTTP REQUEST : GET https://api.catalyst.zoho.in/baas/v1/project/46143000000022001 

[debug] [2026-07-03T19:14:28.262Z] : <<<< HTTP RESPONSE : 200
Response Headers: {"server":"ZGS","date":"Fri, 03 Jul 2026 19:14:29 GMT","content-type":"application/vnd.catalyst.v2+json","transfer-encoding":"chunked","connection":"keep-alive","x-content-type-options":"nosniff","cache-control":"private,no-cache,no-store,max-age=0,must-revalidate","pragma":"no-cache","expires":"Thu, 01 Jan 1970 00:00:00 GMT","x-frame-options":"DENY","strict-transport-security":"max-age=64072000; includeSubDomains; preload"}

[debug] [2026-07-03T19:14:28.264Z] : >>>> HTTP REQUEST : GET https://api.catalyst.zoho.in/baas/v1/project/46143000000022001/environment 

[debug] [2026-07-03T19:14:28.338Z] : <<<< HTTP RESPONSE : 200
Response Headers: {"server":"ZGS","date":"Fri, 03 Jul 2026 19:14:29 GMT","content-type":"application/vnd.catalyst.v2+json","transfer-encoding":"chunked","connection":"keep-alive","x-content-type-options":"nosniff","cache-control":"private,no-cache,no-store,max-age=0,must-revalidate","pragma":"no-cache","expires":"Thu, 01 Jan 1970 00:00:00 GMT","x-frame-options":"DENY","strict-transport-security":"max-age=64072000; includeSubDomains; preload"}

[debug] [2026-07-03T19:14:28.408Z] : http port : '3000' is not available. Hence port '3001' will be used instead.
[debug] [2026-07-03T19:14:28.561Z] : http port : '3000' is not available. Hence port '3002' will be used instead.
[debug] [2026-07-03T19:14:28.646Z] : No basic functions to add
[info] [2026-07-03T19:14:30.396Z] : [react-plugin]: Starting the development server...

[info] [2026-07-03T19:14:30.398Z] : 
[info] [2026-07-03T19:14:30.398Z] : i Client[fron]: Plugin : "zcatalyst-cli-plugin-react" is used for client serve
[info] [2026-07-03T19:14:30.398Z] : 
[debug] [2026-07-03T19:14:31.293Z] : No API Gateway configuration found. Skipping API Gateway rules
[debug] [2026-07-03T19:14:31.366Z] : No API Gateway configuration found. Skipping API Gateway rules
[info] [2026-07-03T19:14:31.467Z] : 
[info] [2026-07-03T19:14:31.467Z] :  >>>>>>>>>>>>>> AppSail <<<<<<<<<<<<<< 
[info] [2026-07-03T19:14:31.467Z] : i backend: http://localhost:3002
[info] [2026-07-03T19:14:31.467Z] : 
[info] [2026-07-03T19:14:31.468Z] : 
[info] [2026-07-03T19:14:31.468Z] :  >>>>>>>>>>>>> Web Client <<<<<<<<<<<<
[info] [2026-07-03T19:14:31.468Z] : i client[fron]: http://localhost:3001/app/
[info] [2026-07-03T19:14:31.468Z] : 
[info] [2026-07-03T19:14:31.637Z] : [react-plugin]: Compiled successfully!
[info] [2026-07-03T19:14:31.637Z] : [react-plugin]: 
[info] [2026-07-03T19:14:31.638Z] : [react-plugin]: You can now view fron in the browser.
[info] [2026-07-03T19:14:31.638Z] : [react-plugin]: 
[info] [2026-07-03T19:14:31.638Z] : [react-plugin]:   http://localhost:3001/app/
[info] [2026-07-03T19:14:31.638Z] : [react-plugin]: 
[info] [2026-07-03T19:14:31.638Z] : [react-plugin]: Note that the development build is not optimized.
[info] [2026-07-03T19:14:31.638Z] : [react-plugin]: To create a production build, use npm run build.
[info] [2026-07-03T19:14:31.638Z] : [react-plugin]: 
[info] [2026-07-03T19:14:31.781Z] : [react-plugin]: Files successfully emitted, waiting for typecheck results...
[info] [2026-07-03T19:14:31.977Z] : [1783106071976]  "GET"  "/app/"
[info] [2026-07-03T19:14:32.007Z] : [1783106072006]  "GET"  "/app/static/js/bundle.js"
[info] [2026-07-03T19:14:32.241Z] : [1783106072241]  "GET"  "/app/"
[info] [2026-07-03T19:14:32.479Z] : [1783106072479]  "GET"  "/app/static/js/bundle.js"
[info] [2026-07-03T19:14:32.481Z] : [1783106072481]  "GET"  "/app/manifest.json"
[info] [2026-07-03T19:14:32.951Z] : [1783106072951]  "GET"  "/app/favicon.ico"
[info] [2026-07-03T19:14:32.955Z] : [1783106072954]  "GET"  "/app/logo192.png"
