[debug] [2026-07-14T15:22:02.635Z] : 
[debug] [2026-07-14T15:22:02.637Z] : ----------------------------------------------------------------------
[debug] [2026-07-14T15:22:02.637Z] : Command:      C:\Program Files\nodejs\node.exe C:\Users\Acer\AppData\Roaming\npm\node_modules\zcatalyst-cli\lib\bin\catalyst.js serve
[debug] [2026-07-14T15:22:02.637Z] : CLI Version:  1.26.1
[debug] [2026-07-14T15:22:02.638Z] : Platform:     win32
[debug] [2026-07-14T15:22:02.638Z] : Node Version: v22.20.0
[debug] [2026-07-14T15:22:02.638Z] : Time:         Tue Jul 14 2026 20:52:02 GMT+0530 (India Standard Time)
[debug] [2026-07-14T15:22:02.638Z] : ----------------------------------------------------------------------
[debug] [2026-07-14T15:22:02.638Z] : 
[debug] [2026-07-14T15:22:03.461Z] : > authorizing via signed-in user option
[debug] [2026-07-14T15:22:03.463Z] : > command requires scopes: ["ZohoCatalyst.projects.ALL","ZohoCatalyst.apigateway.apis.READ","ZohoCatalyst.apigateway.READ","ZohoCatalyst.segments.ALL","ZohoCatalyst.cache.READ","ZohoCatalyst.cache.CREATE","ZohoCatalyst.cache.DELETE","ZohoCatalyst.projects.ALL","ZohoCatalyst.cron.ALL","ZohoCatalyst.zcql.CREATE","ZohoCatalyst.projects.users.READ","ZohoCatalyst.projects.users.CREATE","ZohoCatalyst.projects.users.DELETE","ZohoCatalyst.projects.users.UPDATE","ZohoCatalyst.authentication.CREATE","ZohoCatalyst.email.CREATE","ZohoCatalyst.tables.ALL","ZohoCatalyst.tables.rows.ALL","ZohoCatalyst.tables.columns.ALL","ZohoCatalyst.tables.bulk.CREATE","ZohoCatalyst.tables.bulk.READ","ZohoCatalyst.folders.ALL","ZohoCatalyst.files.CREATE","ZohoCatalyst.files.READ","ZohoCatalyst.files.DELETE","ZohoCatalyst.functions.ALL","ZohoCatalyst.functions.EXECUTE","ZohoCatalyst.eventlistners.ALL","ZohoCatalyst.eventlisteners.produce","ZohoCatalyst.security.rules.Read","ZohoCatalyst.security.rules.Update","ZohoCatalyst.notifications.mobile","ZohoCatalyst.notifications.web","ZohoCatalyst.search.READ","ZohoCatalyst.mlkit.READ","QuickML.deployment.READ","ZohoCatalyst.pdfshot.execute","ZohoCatalyst.grid.READ","ZohoCatalyst.grid.terminate","ZohoCatalyst.circuits.execution.DELETE","ZohoCatalyst.circuits.execution.READ","ZohoCatalyst.circuits.execute","ZohoCatalyst.appsail.Read","ZohoCatalyst.jobpool.READ","ZohoCatalyst.job.ALL","ZohoCatalyst.nosql.READ","ZohoCatalyst.nosql.rows.ALL"]
[debug] [2026-07-14T15:22:03.484Z] : >>>> HTTP REQUEST : GET https://api.catalyst.zoho.in/baas/v1/project/46143000000022001 

[debug] [2026-07-14T15:22:03.617Z] : <<<< HTTP RESPONSE : 200
Response Headers: {"server":"ZGS","date":"Tue, 14 Jul 2026 15:22:05 GMT","content-type":"application/vnd.catalyst.v2+json","transfer-encoding":"chunked","connection":"keep-alive","x-content-type-options":"nosniff","cache-control":"private,no-cache,no-store,max-age=0,must-revalidate","pragma":"no-cache","expires":"Thu, 01 Jan 1970 00:00:00 GMT","x-frame-options":"DENY","strict-transport-security":"max-age=64072000; includeSubDomains; preload"}

[debug] [2026-07-14T15:22:03.620Z] : >>>> HTTP REQUEST : GET https://api.catalyst.zoho.in/baas/v1/project/46143000000022001/environment 

[debug] [2026-07-14T15:22:03.659Z] : <<<< HTTP RESPONSE : 200
Response Headers: {"server":"ZGS","date":"Tue, 14 Jul 2026 15:22:05 GMT","content-type":"application/vnd.catalyst.v2+json","transfer-encoding":"chunked","connection":"keep-alive","x-content-type-options":"nosniff","cache-control":"private,no-cache,no-store,max-age=0,must-revalidate","pragma":"no-cache","expires":"Thu, 01 Jan 1970 00:00:00 GMT","x-frame-options":"DENY","strict-transport-security":"max-age=64072000; includeSubDomains; preload"}

[debug] [2026-07-14T15:22:03.926Z] : http port : '3000' is not available. Hence port '3001' will be used instead.
[debug] [2026-07-14T15:22:04.021Z] : No basic functions to add
[info] [2026-07-14T15:22:06.601Z] : [react-plugin]: Starting the development server...

[info] [2026-07-14T15:22:06.603Z] : 
[info] [2026-07-14T15:22:06.603Z] : i Client[frontend]: Plugin : "zcatalyst-cli-plugin-react" is used for client serve
[info] [2026-07-14T15:22:06.603Z] : 
[debug] [2026-07-14T15:22:07.813Z] : No API Gateway configuration found. Skipping API Gateway rules
[debug] [2026-07-14T15:22:07.904Z] : No API Gateway configuration found. Skipping API Gateway rules
[info] [2026-07-14T15:22:08.018Z] : 
[info] [2026-07-14T15:22:08.019Z] :  >>>>>>>>>>>>>> AppSail <<<<<<<<<<<<<< 
[info] [2026-07-14T15:22:08.019Z] : i backend: http://localhost:3001
[info] [2026-07-14T15:22:08.019Z] : 
[info] [2026-07-14T15:22:08.020Z] : 
[info] [2026-07-14T15:22:08.020Z] :  >>>>>>>>>>>>> Web Client <<<<<<<<<<<<
[info] [2026-07-14T15:22:08.020Z] : i client[frontend]: http://localhost:3000/app/
[info] [2026-07-14T15:22:08.020Z] : 
[info] [2026-07-14T15:22:08.484Z] : [1784042528484]  "GET"  "/app/"
[info] [2026-07-14T15:22:08.955Z] : [react-plugin]: Compiled successfully!
[info] [2026-07-14T15:22:08.956Z] : [react-plugin]: 
[info] [2026-07-14T15:22:08.956Z] : [react-plugin]: You can now view fron in the browser.
[info] [2026-07-14T15:22:08.956Z] : [react-plugin]: 
[info] [2026-07-14T15:22:08.956Z] : [react-plugin]:   http://localhost:3000/app/
[info] [2026-07-14T15:22:08.957Z] : [react-plugin]: 
[info] [2026-07-14T15:22:08.957Z] : [react-plugin]: Note that the development build is not optimized.
[info] [2026-07-14T15:22:08.957Z] : [react-plugin]: To create a production build, use npm run build.
[info] [2026-07-14T15:22:08.957Z] : [react-plugin]: 
[info] [2026-07-14T15:22:09.155Z] : [react-plugin]: Files successfully emitted, waiting for typecheck results...
[info] [2026-07-14T15:22:09.254Z] : [1784042529253]  "GET"  "/app/static/js/bundle.js"
[info] [2026-07-14T15:22:09.662Z] : [1784042529662]  "GET"  "/app/map.svg"
[info] [2026-07-14T15:22:09.968Z] : [1784042529968]  "GET"  "/app/manifest.json"
[info] [2026-07-14T15:22:10.016Z] : [1784042530016]  Appsail[backend]  "GET"  "/api/dashboard/stats"
[info] [2026-07-14T15:22:10.021Z] : [1784042530021]  Appsail[backend]  "GET"  "/api/dashboard/district-crimes?timeframe=30d"
[info] [2026-07-14T15:22:10.022Z] : [1784042530022]  Appsail[backend]  "GET"  "/api/dashboard/trends"
[info] [2026-07-14T15:22:10.063Z] : [1784042530063]  "GET"  "/app/favicon.ico"
[info] [2026-07-14T15:22:10.283Z] : [1784042530282]  "GET"  "/app/logo192.png"
