[debug] [2026-07-02T17:59:58.418Z] : 
[debug] [2026-07-02T17:59:58.419Z] : ----------------------------------------------------------------------
[debug] [2026-07-02T17:59:58.420Z] : Command:      C:\Program Files\nodejs\node.exe C:\Users\Acer\AppData\Roaming\npm\node_modules\zcatalyst-cli\lib\bin\catalyst.js serve
[debug] [2026-07-02T17:59:58.420Z] : CLI Version:  1.26.1
[debug] [2026-07-02T17:59:58.420Z] : Platform:     win32
[debug] [2026-07-02T17:59:58.420Z] : Node Version: v22.20.0
[debug] [2026-07-02T17:59:58.420Z] : Time:         Thu Jul 02 2026 23:29:58 GMT+0530 (India Standard Time)
[debug] [2026-07-02T17:59:58.420Z] : ----------------------------------------------------------------------
[debug] [2026-07-02T17:59:58.420Z] : 
[debug] [2026-07-02T17:59:58.935Z] : > authorizing via signed-in user option
[debug] [2026-07-02T17:59:58.935Z] : > command requires scopes: ["ZohoCatalyst.projects.ALL","ZohoCatalyst.apigateway.apis.READ","ZohoCatalyst.apigateway.READ","ZohoCatalyst.segments.ALL","ZohoCatalyst.cache.READ","ZohoCatalyst.cache.CREATE","ZohoCatalyst.cache.DELETE","ZohoCatalyst.projects.ALL","ZohoCatalyst.cron.ALL","ZohoCatalyst.zcql.CREATE","ZohoCatalyst.projects.users.READ","ZohoCatalyst.projects.users.CREATE","ZohoCatalyst.projects.users.DELETE","ZohoCatalyst.projects.users.UPDATE","ZohoCatalyst.authentication.CREATE","ZohoCatalyst.email.CREATE","ZohoCatalyst.tables.ALL","ZohoCatalyst.tables.rows.ALL","ZohoCatalyst.tables.columns.ALL","ZohoCatalyst.tables.bulk.CREATE","ZohoCatalyst.tables.bulk.READ","ZohoCatalyst.folders.ALL","ZohoCatalyst.files.CREATE","ZohoCatalyst.files.READ","ZohoCatalyst.files.DELETE","ZohoCatalyst.functions.ALL","ZohoCatalyst.functions.EXECUTE","ZohoCatalyst.eventlistners.ALL","ZohoCatalyst.eventlisteners.produce","ZohoCatalyst.security.rules.Read","ZohoCatalyst.security.rules.Update","ZohoCatalyst.notifications.mobile","ZohoCatalyst.notifications.web","ZohoCatalyst.search.READ","ZohoCatalyst.mlkit.READ","QuickML.deployment.READ","ZohoCatalyst.pdfshot.execute","ZohoCatalyst.grid.READ","ZohoCatalyst.grid.terminate","ZohoCatalyst.circuits.execution.DELETE","ZohoCatalyst.circuits.execution.READ","ZohoCatalyst.circuits.execute","ZohoCatalyst.appsail.Read","ZohoCatalyst.jobpool.READ","ZohoCatalyst.job.ALL","ZohoCatalyst.nosql.READ","ZohoCatalyst.nosql.rows.ALL"]
[debug] [2026-07-02T17:59:58.946Z] : >>>> HTTP REQUEST : GET https://api.catalyst.zoho.in/baas/v1/project/46143000000022001 

[debug] [2026-07-02T17:59:59.195Z] : <<<< HTTP RESPONSE : 200
Response Headers: {"server":"ZGS","date":"Thu, 02 Jul 2026 18:00:00 GMT","content-type":"application/vnd.catalyst.v2+json","transfer-encoding":"chunked","connection":"keep-alive","x-content-type-options":"nosniff","cache-control":"private,no-cache,no-store,max-age=0,must-revalidate","pragma":"no-cache","expires":"Thu, 01 Jan 1970 00:00:00 GMT","x-frame-options":"DENY","strict-transport-security":"max-age=64072000; includeSubDomains; preload"}

[debug] [2026-07-02T17:59:59.197Z] : >>>> HTTP REQUEST : GET https://api.catalyst.zoho.in/baas/v1/project/46143000000022001/environment 

[debug] [2026-07-02T17:59:59.279Z] : <<<< HTTP RESPONSE : 200
Response Headers: {"server":"ZGS","date":"Thu, 02 Jul 2026 18:00:00 GMT","content-type":"application/vnd.catalyst.v2+json","transfer-encoding":"chunked","connection":"keep-alive","x-content-type-options":"nosniff","cache-control":"private,no-cache,no-store,max-age=0,must-revalidate","pragma":"no-cache","expires":"Thu, 01 Jan 1970 00:00:00 GMT","x-frame-options":"DENY","strict-transport-security":"max-age=64072000; includeSubDomains; preload"}

[debug] [2026-07-02T17:59:59.482Z] : http port : '3000' is not available. Hence port '3001' will be used instead.
[debug] [2026-07-02T17:59:59.488Z] : No basic functions to add
[debug] [2026-07-02T17:59:59.518Z] : No API Gateway configuration found. Skipping API Gateway rules
[info] [2026-07-02T17:59:59.622Z] : 
[info] [2026-07-02T17:59:59.622Z] :  >>>>>>>>>>>>>> AppSail <<<<<<<<<<<<<< 
[info] [2026-07-02T17:59:59.622Z] : i backend: http://localhost:3001
[info] [2026-07-02T17:59:59.622Z] : 
[info] [2026-07-02T18:00:03.249Z] : [1783015203248]  Appsail[backend]  "GET"  "/"
